<?xml version="1.0" encoding="UTF-8" ?>
<testsuite failures="0" time="0.104" errors="1" skipped="15" tests="16" name="ledes.hidra.rest.ServicesTest">
  <properties>
    <property name="java.runtime.name" value="OpenJDK Runtime Environment"/>
    <property name="sun.boot.library.path" value="/usr/lib/jvm/java-7-openjdk-amd64/jre/lib/amd64"/>
    <property name="java.vm.version" value="24.79-b02"/>
    <property name="java.vm.vendor" value="Oracle Corporation"/>
    <property name="java.vendor.url" value="http://java.oracle.com/"/>
    <property name="path.separator" value=":"/>
    <property name="guice.disable.misplaced.annotation.check" value="true"/>
    <property name="java.vm.name" value="OpenJDK 64-Bit Server VM"/>
    <property name="file.encoding.pkg" value="sun.io"/>
    <property name="user.country" value="BR"/>
    <property name="sun.java.launcher" value="SUN_STANDARD"/>
    <property name="sun.os.patch.level" value="unknown"/>
    <property name="test" value="ledes.hidra.rest.ServicesTest"/>
    <property name="java.vm.specification.name" value="Java Virtual Machine Specification"/>
    <property name="user.dir" value="/home/pedro/Desenvolvimento/LEDES/AuxiliarHidra/Hidra2/HidraRest"/>
    <property name="java.runtime.version" value="1.7.0_79-b14"/>
    <property name="java.awt.graphicsenv" value="sun.awt.X11GraphicsEnvironment"/>
    <property name="java.endorsed.dirs" value="/usr/lib/jvm/java-7-openjdk-amd64/jre/lib/endorsed"/>
    <property name="os.arch" value="amd64"/>
    <property name="java.io.tmpdir" value="/tmp"/>
    <property name="line.separator" value="
"/>
    <property name="java.vm.specification.vendor" value="Oracle Corporation"/>
    <property name="os.name" value="Linux"/>
    <property name="maven.ext.class.path" value="/home/pedro/Desenvolvimento/netbeans-8.0.2/java/maven-nblib/netbeans-eventspy.jar:/home/pedro/Desenvolvimento/netbeans-8.0.2/java/maven-nblib/netbeans-cos.jar"/>
    <property name="classworlds.conf" value="/home/pedro/Desenvolvimento/netbeans-8.0.2/java/maven/bin/m2.conf"/>
    <property name="sun.jnu.encoding" value="UTF-8"/>
    <property name="java.library.path" value="/usr/lib/jvm/java-7-openjdk-amd64/jre/lib/amd64:/usr/lib/jvm/java-7-openjdk-amd64/jre/lib/i386::/usr/java/packages/lib/amd64:/usr/lib/x86_64-linux-gnu/jni:/lib/x86_64-linux-gnu:/usr/lib/x86_64-linux-gnu:/usr/lib/jni:/lib:/usr/lib"/>
    <property name="java.specification.name" value="Java Platform API Specification"/>
    <property name="java.class.version" value="51.0"/>
    <property name="sun.management.compiler" value="HotSpot 64-Bit Tiered Compilers"/>
    <property name="os.version" value="3.19.0-21-generic"/>
    <property name="user.home" value="/home/pedro"/>
    <property name="user.timezone" value="America/Campo_Grande"/>
    <property name="java.awt.printerjob" value="sun.print.PSPrinterJob"/>
    <property name="java.specification.version" value="1.7"/>
    <property name="file.encoding" value="UTF-8"/>
    <property name="user.name" value="pedro"/>
    <property name="java.class.path" value="/home/pedro/Desenvolvimento/netbeans-8.0.2/java/maven/boot/plexus-classworlds-2.4.jar"/>
    <property name="java.vm.specification.version" value="1.7"/>
    <property name="sun.arch.data.model" value="64"/>
    <property name="java.home" value="/usr/lib/jvm/java-7-openjdk-amd64/jre"/>
    <property name="sun.java.command" value="org.codehaus.plexus.classworlds.launcher.Launcher -Dtest=ledes.hidra.rest.ServicesTest -Dmaven.ext.class.path=/home/pedro/Desenvolvimento/netbeans-8.0.2/java/maven-nblib/netbeans-eventspy.jar:/home/pedro/Desenvolvimento/netbeans-8.0.2/java/maven-nblib/netbeans-cos.jar surefire:test"/>
    <property name="java.specification.vendor" value="Oracle Corporation"/>
    <property name="user.language" value="pt"/>
    <property name="awt.toolkit" value="sun.awt.X11.XToolkit"/>
    <property name="java.vm.info" value="mixed mode"/>
    <property name="java.version" value="1.7.0_79"/>
    <property name="java.ext.dirs" value="/usr/lib/jvm/java-7-openjdk-amd64/jre/lib/ext:/usr/java/packages/lib/ext"/>
    <property name="securerandom.source" value="file:/dev/./urandom"/>
    <property name="sun.boot.class.path" value="/usr/lib/jvm/java-7-openjdk-amd64/jre/lib/resources.jar:/usr/lib/jvm/java-7-openjdk-amd64/jre/lib/rt.jar:/usr/lib/jvm/java-7-openjdk-amd64/jre/lib/sunrsasign.jar:/usr/lib/jvm/java-7-openjdk-amd64/jre/lib/jsse.jar:/usr/lib/jvm/java-7-openjdk-amd64/jre/lib/jce.jar:/usr/lib/jvm/java-7-openjdk-amd64/jre/lib/charsets.jar:/usr/lib/jvm/java-7-openjdk-amd64/jre/lib/rhino.jar:/usr/lib/jvm/java-7-openjdk-amd64/jre/lib/jfr.jar:/usr/lib/jvm/java-7-openjdk-amd64/jre/classes"/>
    <property name="java.vendor" value="Oracle Corporation"/>
    <property name="maven.home" value="/home/pedro/Desenvolvimento/netbeans-8.0.2/java/maven"/>
    <property name="file.separator" value="/"/>
    <property name="java.vendor.url.bug" value="http://bugreport.sun.com/bugreport/"/>
    <property name="sun.cpu.endian" value="little"/>
    <property name="sun.io.unicode.encoding" value="UnicodeLittle"/>
    <property name="sun.cpu.isalist" value=""/>
  </properties>
  <testcase time="0" classname="ledes.hidra.rest.ServicesTest" name="CRIAR_REPOSITORIO_HIDRA">
    <skipped/>
  </testcase>
  <testcase time="0.01" classname="ledes.hidra.rest.ServicesTest" name="ADICIONAR_ATIVO_VALIDO">
    <error message="/home/pedro/AreaDeTestes/jaxb (É um diretório)" type="java.io.FileNotFoundException">java.io.FileNotFoundException: /home/pedro/AreaDeTestes/jaxb (É um diretório)
	at java.io.FileInputStream.open(Native Method)
	at java.io.FileInputStream.&lt;init&gt;(FileInputStream.java:146)
	at ledes.hidra.rest.ServicesTest.ADICIONAR_ATIVO_VALIDO(ServicesTest.java:92)
	at sun.reflect.NativeMethodAccessorImpl.invoke0(Native Method)
	at sun.reflect.NativeMethodAccessorImpl.invoke(NativeMethodAccessorImpl.java:57)
	at sun.reflect.DelegatingMethodAccessorImpl.invoke(DelegatingMethodAccessorImpl.java:43)
	at java.lang.reflect.Method.invoke(Method.java:606)
	at org.junit.runners.model.FrameworkMethod$1.runReflectiveCall(FrameworkMethod.java:45)
	at org.junit.internal.runners.model.ReflectiveCallable.run(ReflectiveCallable.java:15)
	at org.junit.runners.model.FrameworkMethod.invokeExplosively(FrameworkMethod.java:42)
	at org.junit.internal.runners.statements.InvokeMethod.evaluate(InvokeMethod.java:20)
	at org.junit.internal.runners.statements.RunBefores.evaluate(RunBefores.java:28)
	at org.junit.internal.runners.statements.RunAfters.evaluate(RunAfters.java:30)
	at org.junit.runners.ParentRunner.runLeaf(ParentRunner.java:263)
	at org.junit.runners.BlockJUnit4ClassRunner.runChild(BlockJUnit4ClassRunner.java:68)
	at org.junit.runners.BlockJUnit4ClassRunner.runChild(BlockJUnit4ClassRunner.java:47)
	at org.junit.runners.ParentRunner$3.run(ParentRunner.java:231)
	at org.junit.runners.ParentRunner$1.schedule(ParentRunner.java:60)
	at org.junit.runners.ParentRunner.runChildren(ParentRunner.java:229)
	at org.junit.runners.ParentRunner.access$000(ParentRunner.java:50)
	at org.junit.runners.ParentRunner$2.evaluate(ParentRunner.java:222)
	at org.junit.internal.runners.statements.RunBefores.evaluate(RunBefores.java:28)
	at org.junit.internal.runners.statements.RunAfters.evaluate(RunAfters.java:30)
	at org.junit.runners.ParentRunner.run(ParentRunner.java:300)
	at org.apache.maven.surefire.junit4.JUnit4TestSet.execute(JUnit4TestSet.java:53)
	at org.apache.maven.surefire.junit4.JUnit4Provider.executeTestSet(JUnit4Provider.java:123)
	at org.apache.maven.surefire.junit4.JUnit4Provider.invoke(JUnit4Provider.java:104)
	at sun.reflect.NativeMethodAccessorImpl.invoke0(Native Method)
	at sun.reflect.NativeMethodAccessorImpl.invoke(NativeMethodAccessorImpl.java:57)
	at sun.reflect.DelegatingMethodAccessorImpl.invoke(DelegatingMethodAccessorImpl.java:43)
	at java.lang.reflect.Method.invoke(Method.java:606)
	at org.apache.maven.surefire.util.ReflectionUtils.invokeMethodWithArray(ReflectionUtils.java:164)
	at org.apache.maven.surefire.booter.ProviderFactory$ProviderProxy.invoke(ProviderFactory.java:110)
	at org.apache.maven.surefire.booter.SurefireStarter.invokeProvider(SurefireStarter.java:175)
	at org.apache.maven.surefire.booter.SurefireStarter.runSuitesInProcessWhenForked(SurefireStarter.java:107)
	at org.apache.maven.surefire.booter.ForkedBooter.main(ForkedBooter.java:68)
</error>
    <system-out>executando...ADICIONAR_ATIVO_VALIDO
</system-out>
  </testcase>
  <testcase time="0.011" classname="ledes.hidra.rest.ServicesTest" name="testSave">
    <skipped/>
  </testcase>
  <testcase time="0.011" classname="ledes.hidra.rest.ServicesTest" name="testRemove">
    <skipped/>
  </testcase>
  <testcase time="0.011" classname="ledes.hidra.rest.ServicesTest" name="testStartSynchronizedRepository">
    <skipped/>
  </testcase>
  <testcase time="0.011" classname="ledes.hidra.rest.ServicesTest" name="testStartSynchronizedRepositoryAuthentication">
    <skipped/>
  </testcase>
  <testcase time="0.011" classname="ledes.hidra.rest.ServicesTest" name="testSendUpdates">
    <skipped/>
  </testcase>
  <testcase time="0.012" classname="ledes.hidra.rest.ServicesTest" name="testReceiveUpdates">
    <skipped/>
  </testcase>
  <testcase time="0.012" classname="ledes.hidra.rest.ServicesTest" name="testGetSolution">
    <skipped/>
  </testcase>
  <testcase time="0.012" classname="ledes.hidra.rest.ServicesTest" name="testGetClassification">
    <skipped/>
  </testcase>
  <testcase time="0.012" classname="ledes.hidra.rest.ServicesTest" name="testGetUsage">
    <skipped/>
  </testcase>
  <testcase time="0.013" classname="ledes.hidra.rest.ServicesTest" name="testGetRelatedAssets">
    <skipped/>
  </testcase>
  <testcase time="0.013" classname="ledes.hidra.rest.ServicesTest" name="testGetLog">
    <skipped/>
  </testcase>
  <testcase time="0.013" classname="ledes.hidra.rest.ServicesTest" name="testGetLogRepository">
    <skipped/>
  </testcase>
  <testcase time="0.013" classname="ledes.hidra.rest.ServicesTest" name="testDownloadAsset">
    <skipped/>
  </testcase>
  <testcase time="0.013" classname="ledes.hidra.rest.ServicesTest" name="testGettest">
    <skipped/>
  </testcase>
</testsuite>