<?xml version="1.0" encoding="UTF-8" ?>
<testsuite failures="0" time="0.104" errors="1" skipped="15" tests="16" name="ledes.hidra.rest.ServicesTest">
  <properties>
[...]
</properties>
  <testcase time="0" classname="ledes.hidra.rest.ServicesTest" name="CRIAR_REPOSITORIO_HIDRA">
    <skipped/>
  </testcase>
  <testcase time="0.01" classname="ledes.hidra.rest.ServicesTest" name="ADICIONAR_ATIVO_VALIDO">
    <error message="/home/pedro/AreaDeTestes/jaxb (É um diretório)" type="java.io.FileNotFoundException">java.io.FileNotFoundException: /home/pedro/AreaDeTestes/jaxb (É um diretório)
	at java.io.FileInputStream.open(Native Method)
	at java.io.FileInputStream.&lt;init&gt;(FileInputStream.java:146)
	at ledes.hidra.rest.ServicesTest.ADICIONAR_ATIVO_VALIDO(ServicesTest.java:92)
	at sun.reflect.NativeMethodAccessorImpl.invoke0(Native Method)
	at sun.reflect.NativeMethodAccessorImpl.invoke(NativeMethodAccessorImpl.java:57)
	at sun.reflect.DelegatingMethodAccessorImpl.invoke(DelegatingMethodAccessorImpl.java:43)
	at java.lang.reflect.Method.invoke(Method.java:606)
	at org.junit.runners.model.FrameworkMethod$1.runReflectiveCall(FrameworkMethod.java:45)
	at org.junit.internal.runners.model.ReflectiveCallable.run(ReflectiveCallable.java:15)
	at org.junit.runners.model.FrameworkMethod.invokeExplosively(FrameworkMethod.java:42)
	at org.junit.internal.runners.statements.InvokeMethod.evaluate(InvokeMethod.java:20)
	at org.junit.internal.runners.statements.RunBefores.evaluate(RunBefores.java:28)
	at org.junit.internal.runners.statements.RunAfters.evaluate(RunAfters.java:30)
	at org.junit.runners.ParentRunner.runLeaf(ParentRunner.java:263)
	at org.junit.runners.BlockJUnit4ClassRunner.runChild(BlockJUnit4ClassRunner.java:68)
	at org.junit.runners.BlockJUnit4ClassRunner.runChild(BlockJUnit4ClassRunner.java:47)
	at org.junit.runners.ParentRunner$3.run(ParentRunner.java:231)
	at org.junit.runners.ParentRunner$1.schedule(ParentRunner.java:60)
	at org.junit.runners.ParentRunner.runChildren(ParentRunner.java:229)
	at org.junit.runners.ParentRunner.access$000(ParentRunner.java:50)
	at org.junit.runners.ParentRunner$2.evaluate(ParentRunner.java:222)
	at org.junit.internal.runners.statements.RunBefores.evaluate(RunBefores.java:28)
	at org.junit.internal.runners.statements.RunAfters.evaluate(RunAfters.java:30)
	at org.junit.runners.ParentRunner.run(ParentRunner.java:300)
	at org.apache.maven.surefire.junit4.JUnit4TestSet.execute(JUnit4TestSet.java:53)
	at org.apache.maven.surefire.junit4.JUnit4Provider.executeTestSet(JUnit4Provider.java:123)
	at org.apache.maven.surefire.junit4.JUnit4Provider.invoke(JUnit4Provider.java:104)
	at sun.reflect.NativeMethodAccessorImpl.invoke0(Native Method)
	at sun.reflect.NativeMethodAccessorImpl.invoke(NativeMethodAccessorImpl.java:57)
	at sun.reflect.DelegatingMethodAccessorImpl.invoke(DelegatingMethodAccessorImpl.java:43)
	at java.lang.reflect.Method.invoke(Method.java:606)
	at org.apache.maven.surefire.util.ReflectionUtils.invokeMethodWithArray(ReflectionUtils.java:164)
	at org.apache.maven.surefire.booter.ProviderFactory$ProviderProxy.invoke(ProviderFactory.java:110)
	at org.apache.maven.surefire.booter.SurefireStarter.invokeProvider(SurefireStarter.java:175)
	at org.apache.maven.surefire.booter.SurefireStarter.runSuitesInProcessWhenForked(SurefireStarter.java:107)
	at org.apache.maven.surefire.booter.ForkedBooter.main(ForkedBooter.java:68)
</error>
    <system-out>executando...ADICIONAR_ATIVO_VALIDO
</system-out>
  </testcase>
  <testcase time="0.011" classname="ledes.hidra.rest.ServicesTest" name="testSave">
    <skipped/>
  </testcase>
  <testcase time="0.011" classname="ledes.hidra.rest.ServicesTest" name="testRemove">
    <skipped/>
  </testcase>
  <testcase time="0.011" classname="ledes.hidra.rest.ServicesTest" name="testStartSynchronizedRepository">
    <skipped/>
  </testcase>
  <testcase time="0.011" classname="ledes.hidra.rest.ServicesTest" name="testStartSynchronizedRepositoryAuthentication">
    <skipped/>
  </testcase>
  <testcase time="0.011" classname="ledes.hidra.rest.ServicesTest" name="testSendUpdates">
    <skipped/>
  </testcase>
  <testcase time="0.012" classname="ledes.hidra.rest.ServicesTest" name="testReceiveUpdates">
    <skipped/>
  </testcase>
  <testcase time="0.012" classname="ledes.hidra.rest.ServicesTest" name="testGetSolution">
    <skipped/>
  </testcase>
  <testcase time="0.012" classname="ledes.hidra.rest.ServicesTest" name="testGetClassification">
    <skipped/>
  </testcase>
  <testcase time="0.012" classname="ledes.hidra.rest.ServicesTest" name="testGetUsage">
    <skipped/>
  </testcase>
  <testcase time="0.013" classname="ledes.hidra.rest.ServicesTest" name="testGetRelatedAssets">
    <skipped/>
  </testcase>
  <testcase time="0.013" classname="ledes.hidra.rest.ServicesTest" name="testGetLog">
    <skipped/>
  </testcase>
  <testcase time="0.013" classname="ledes.hidra.rest.ServicesTest" name="testGetLogRepository">
    <skipped/>
  </testcase>
  <testcase time="0.013" classname="ledes.hidra.rest.ServicesTest" name="testDownloadAsset">
    <skipped/>
  </testcase>
  <testcase time="0.013" classname="ledes.hidra.rest.ServicesTest" name="testGettest">
    <skipped/>
  </testcase>
</testsuite>